# JRE version: Java(TM) SE Runtime Environment 18.9 (11.0.19+9) (build 11.0.19+9-LTS-224)
# Java VM: Java HotSpot(TM) 64-Bit Server VM 18.9 (11.0.19+9-LTS-224, mixed mode, tiered, compressed oops, g1 gc, windows-amd64)
Heap:
 garbage-first heap   total 262144K, used 11593K [0x0000000700c00000, 0x0000000800000000)
  region size 1024K, 4 young (4096K), 4 survivors (4096K)
 Metaspace       used 26197K, capacity 27095K, committed 27136K, reserved 1081344K
  class space    used 3193K, capacity 3583K, committed 3584K, reserved 1048576K
GC Heap History (8 events):
Event: 0.841 GC heap before
{Heap before GC invocations=0 (full 0):
 garbage-first heap   total 262144K, used 24576K [0x0000000700c00000, 0x0000000800000000)
  region size 1024K, 24 young (24576K), 0 survivors (0K)
 Metaspace       used 14890K, capacity 15289K, committed 15360K, reserved 1062912K
  class space    used 1620K, capacity 1754K, committed 1792K, reserved 1048576K
}
Event: 0.847 GC heap after
{Heap after GC invocations=1 (full 0):
 garbage-first heap   total 262144K, used 7641K [0x0000000700c00000, 0x0000000800000000)
  region size 1024K, 3 young (3072K), 3 survivors (3072K)
 Metaspace       used 14890K, capacity 15289K, committed 15360K, reserved 1062912K
  class space    used 1620K, capacity 1754K, committed 1792K, reserved 1048576K
}
Event: 1.122 GC heap before
{Heap before GC invocations=1 (full 0):
 garbage-first heap   total 262144K, used 32217K [0x0000000700c00000, 0x0000000800000000)
  region size 1024K, 28 young (28672K), 3 survivors (3072K)
 Metaspace       used 20455K, capacity 21142K, committed 21248K, reserved 1067008K
  class space    used 2433K, capacity 2738K, committed 2816K, reserved 1048576K
}
Event: 1.127 GC heap after
{Heap after GC invocations=2 (full 0):
 garbage-first heap   total 262144K, used 9275K [0x0000000700c00000, 0x0000000800000000)
  region size 1024K, 5 young (5120K), 5 survivors (5120K)
 Metaspace       used 20455K, capacity 21142K, committed 21248K, reserved 1067008K
  class space    used 2433K, capacity 2738K, committed 2816K, reserved 1048576K
}
Event: 1.288 GC heap before
{Heap before GC invocations=3 (full 0):
 garbage-first heap   total 262144K, used 33851K [0x0000000700c00000, 0x0000000800000000)
  region size 1024K, 30 young (30720K), 5 survivors (5120K)
 Metaspace       used 24445K, capacity 25227K, committed 25344K, reserved 1071104K
  class space    used 2954K, capacity 3318K, committed 3328K, reserved 1048576K
}
Event: 1.293 GC heap after
{Heap after GC invocations=4 (full 0):
 garbage-first heap   total 262144K, used 10284K [0x0000000700c00000, 0x0000000800000000)
  region size 1024K, 3 young (3072K), 3 survivors (3072K)
 Metaspace       used 24445K, capacity 25227K, committed 25344K, reserved 1071104K
  class space    used 2954K, capacity 3318K, committed 3328K, reserved 1048576K
}
Event: 1.529 GC heap before
{Heap before GC invocations=4 (full 0):
 garbage-first heap   total 262144K, used 38956K [0x0000000700c00000, 0x0000000800000000)
  region size 1024K, 32 young (32768K), 3 survivors (3072K)
 Metaspace       used 26197K, capacity 27095K, committed 27136K, reserved 1079296K
  class space    used 3193K, capacity 3583K, committed 3584K, reserved 1048576K
}
Event: 1.533 GC heap after
{Heap after GC invocations=5 (full 0):
 garbage-first heap   total 262144K, used 11593K [0x0000000700c00000, 0x0000000800000000)
  region size 1024K, 4 young (4096K), 4 survivors (4096K)
 Metaspace       used 26197K, capacity 27095K, committed 27136K, reserved 1079296K
  class space    used 3193K, capacity 3583K, committed 3584K, reserved 1048576K
}

